********************************************************************************
DUPLICATOR-LITE PACKAGE-LOG: March 29, 2024 8:41 pm
NOTICE: Do NOT post to public sites or forums 
********************************************************************************
VERSION:	1.5.8.1
WORDPRESS:	6.4.3
PHP INFO:	8.0.1 | SAPI: apache2handler
SERVER:		Apache/2.4.33 (Win64) OpenSSL/1.0.2u mod_fcgid/2.3.9 PHP/8.0.1 
PHP TIME LIMIT: (0) no time limit imposed 
PHP MAX MEMORY: 4294967296 (128M default) 
MEMORY STACK: 10MB

********************************************************************************
DATABASE:
********************************************************************************
BUILD MODE:   PHP(query limit - 100)
MYSQLTIMEOUT: 5000
MYSQLDUMP:    Not Supported
TABLES: total:19 | filtered:0 | create:19
FILTERED: []
SQL CREATED: 20240329_conupia_70408b16d6ec849b1938_20240329204106_database.sql
SQL FILE SIZE: 720.14KB (737419)
SQL FILE TIME: 2024-03-29 20:41:23
SQL RUNTIME: 2.38 sec.

********************************************************************************
ARCHIVE (ZIP):
********************************************************************************
ARCHIVE DIR:  C:/MAMP/htdocs/conupia
ARCHIVE FILE: 20240329_conupia_70408b16d6ec849b1938_20240329204106_archive.zip
FILTERS: *OFF*
DIRS:
	not set
FILES:
	not set
EXTS:  not set
----------------------------------------
COMPRESSING
SIZE:	132.26MB
STATS:	Dirs 1,151 | Files 5,847
SQL ADDED: 20240329_conupia_70408b16d6ec849b1938_20240329204106_database.sql
ZipArchive Object
(
    [lastId] => 6997
    [status] => 0
    [statusSys] => 0
    [numFiles] => 6998
    [filename] => C:\MAMP\htdocs\conupia\wp-content\backups-dup-lite\tmp\20240329_conupia_70408b16d6ec849b1938_20240329204106_archive.zip
    [comment] => 
)

FILE ADDED TO ZIP: 6997
COMPRESSION RESULT: '1'
COMPRESSED SIZE: 67.09MB
ARCHIVE RUNTIME: 30.37 sec.
MEMORY STACK: 12MB
building installer
ARCHIVE CONSISTENCY TEST: PASS

********************************************************************************
INTEGRITY CHECKS:
********************************************************************************
SQL FILE: 720.14KB
INSTALLER FILE: 73.47KB
ARCHIVE FILE: 68.99MB 
EXPECTED FILE/DIRECTORY COUNT: 6,998
ACTUAL FILE/DIRECTORY COUNT: 6,997
ARCHIVE CONSISTENCY TEST: Pass

********************************************************************************
RECORD ID:[1]
TOTAL PROCESS RUNTIME: 35.86 sec.
PEAK PHP MEMORY USED: 14MB
DONE PROCESSING => 20240329_conupia March 29, 2024 8:41 pm

