[25-May-2025 21:14:01 UTC] PHP Deprecated:  Optional parameter $content declared before required parameter $post is implicitly treated as a required parameter in C:\MAMP\htdocs\motogrua\wp-includes\functions.php on line 834
[25-May-2025 21:14:01 UTC] PHP Deprecated:  Creation of dynamic property wpdb::$categories is deprecated in C:\MAMP\htdocs\motogrua\wp-includes\wp-db.php on line 667
[25-May-2025 21:14:01 UTC] PHP Deprecated:  Creation of dynamic property wpdb::$post2cat is deprecated in C:\MAMP\htdocs\motogrua\wp-includes\wp-db.php on line 667
[25-May-2025 21:14:01 UTC] PHP Deprecated:  Creation of dynamic property wpdb::$link2cat is deprecated in C:\MAMP\htdocs\motogrua\wp-includes\wp-db.php on line 667
[25-May-2025 21:14:01 UTC] PHP Deprecated:  Return type of WP_Theme::offsetExists($offset) should either be compatible with ArrayAccess::offsetExists(mixed $offset): bool, or the #[\ReturnTypeWillChange] attribute should be used to temporarily suppress the notice in C:\MAMP\htdocs\motogrua\wp-includes\class-wp-theme.php on line 554
[25-May-2025 21:14:01 UTC] PHP Deprecated:  Return type of WP_Theme::offsetGet($offset) should either be compatible with ArrayAccess::offsetGet(mixed $offset): mixed, or the #[\ReturnTypeWillChange] attribute should be used to temporarily suppress the notice in C:\MAMP\htdocs\motogrua\wp-includes\class-wp-theme.php on line 595
[25-May-2025 21:14:01 UTC] PHP Deprecated:  Return type of WP_Theme::offsetSet($offset, $value) should either be compatible with ArrayAccess::offsetSet(mixed $offset, mixed $value): void, or the #[\ReturnTypeWillChange] attribute should be used to temporarily suppress the notice in C:\MAMP\htdocs\motogrua\wp-includes\class-wp-theme.php on line 533
[25-May-2025 21:14:01 UTC] PHP Deprecated:  Return type of WP_Theme::offsetUnset($offset) should either be compatible with ArrayAccess::offsetUnset(mixed $offset): void, or the #[\ReturnTypeWillChange] attribute should be used to temporarily suppress the notice in C:\MAMP\htdocs\motogrua\wp-includes\class-wp-theme.php on line 542
[25-May-2025 21:14:01 UTC] PHP Warning:  Private methods cannot be final as they are never overridden by other classes in C:\MAMP\htdocs\motogrua\wp-includes\class-wp-session-tokens.php on line 69
[25-May-2025 21:14:01 UTC] PHP Deprecated:  Using ${var} in strings is deprecated, use {$var} instead in C:\MAMP\htdocs\motogrua\wp-includes\comment-template.php on line 1716
[25-May-2025 21:14:01 UTC] PHP Deprecated:  Optional parameter $object_id declared before required parameter $taxonomy is implicitly treated as a required parameter in C:\MAMP\htdocs\motogrua\wp-includes\nav-menu.php on line 1061
[25-May-2025 21:14:01 UTC] PHP Deprecated:  Return type of WP_REST_Request::offsetExists($offset) should either be compatible with ArrayAccess::offsetExists(mixed $offset): bool, or the #[\ReturnTypeWillChange] attribute should be used to temporarily suppress the notice in C:\MAMP\htdocs\motogrua\wp-includes\rest-api\class-wp-rest-request.php on line 920
[25-May-2025 21:14:01 UTC] PHP Deprecated:  Return type of WP_REST_Request::offsetGet($offset) should either be compatible with ArrayAccess::offsetGet(mixed $offset): mixed, or the #[\ReturnTypeWillChange] attribute should be used to temporarily suppress the notice in C:\MAMP\htdocs\motogrua\wp-includes\rest-api\class-wp-rest-request.php on line 940
[25-May-2025 21:14:01 UTC] PHP Deprecated:  Return type of WP_REST_Request::offsetSet($offset, $value) should either be compatible with ArrayAccess::offsetSet(mixed $offset, mixed $value): void, or the #[\ReturnTypeWillChange] attribute should be used to temporarily suppress the notice in C:\MAMP\htdocs\motogrua\wp-includes\rest-api\class-wp-rest-request.php on line 952
[25-May-2025 21:14:01 UTC] PHP Deprecated:  Return type of WP_REST_Request::offsetUnset($offset) should either be compatible with ArrayAccess::offsetUnset(mixed $offset): void, or the #[\ReturnTypeWillChange] attribute should be used to temporarily suppress the notice in C:\MAMP\htdocs\motogrua\wp-includes\rest-api\class-wp-rest-request.php on line 963
[25-May-2025 21:14:01 UTC] PHP Deprecated:  Optional parameter $block_name declared before required parameter $block_content is implicitly treated as a required parameter in C:\MAMP\htdocs\motogrua\wp-includes\blocks.php on line 191
[25-May-2025 21:14:01 UTC] PHP Deprecated:  Creation of dynamic property POMO_FileReader::$is_overloaded is deprecated in C:\MAMP\htdocs\motogrua\wp-includes\pomo\streams.php on line 21
[25-May-2025 21:14:01 UTC] PHP Deprecated:  Creation of dynamic property POMO_FileReader::$_pos is deprecated in C:\MAMP\htdocs\motogrua\wp-includes\pomo\streams.php on line 22
[25-May-2025 21:14:01 UTC] PHP Deprecated:  Creation of dynamic property POMO_FileReader::$_f is deprecated in C:\MAMP\htdocs\motogrua\wp-includes\pomo\streams.php on line 153
[25-May-2025 21:14:01 UTC] PHP Deprecated:  Creation of dynamic property MO::$_gettext_select_plural_form is deprecated in C:\MAMP\htdocs\motogrua\wp-includes\pomo\translations.php on line 293
[25-May-2025 21:14:01 UTC] PHP Deprecated:  Optional parameter $field_data declared before required parameter $section is implicitly treated as a required parameter in C:\MAMP\htdocs\motogrua\wp-content\themes\motogrua\inc\customizer\customizer.class.php on line 251
[25-May-2025 21:14:01 UTC] PHP Deprecated:  Calling get_class() without arguments is deprecated in C:\MAMP\htdocs\motogrua\wp-content\themes\motogrua\inc\customizer\customizer.class.php on line 27
[25-May-2025 21:14:01 UTC] PHP Deprecated:  Calling get_class() without arguments is deprecated in C:\MAMP\htdocs\motogrua\wp-content\themes\motogrua\inc\customizer\customizer.class.php on line 28
[25-May-2025 21:14:01 UTC] PHP Deprecated:  Calling get_class() without arguments is deprecated in C:\MAMP\htdocs\motogrua\wp-content\themes\motogrua\inc\customizer\customizer.class.php on line 29
[25-May-2025 21:14:01 UTC] PHP Deprecated:  Calling get_class() without arguments is deprecated in C:\MAMP\htdocs\motogrua\wp-content\themes\motogrua\inc\customizer\customizer.class.php on line 30
[25-May-2025 21:14:01 UTC] PHP Deprecated:  Optional parameter $avatar declared before required parameter $id_or_email is implicitly treated as a required parameter in C:\MAMP\htdocs\motogrua\wp-content\themes\motogrua\inc\custom.php on line 4528
[25-May-2025 21:14:01 UTC] PHP Deprecated:  Creation of dynamic property POMO_FileReader::$is_overloaded is deprecated in C:\MAMP\htdocs\motogrua\wp-includes\pomo\streams.php on line 21
[25-May-2025 21:14:01 UTC] PHP Deprecated:  Creation of dynamic property POMO_FileReader::$_pos is deprecated in C:\MAMP\htdocs\motogrua\wp-includes\pomo\streams.php on line 22
[25-May-2025 21:14:01 UTC] PHP Deprecated:  Creation of dynamic property POMO_FileReader::$_f is deprecated in C:\MAMP\htdocs\motogrua\wp-includes\pomo\streams.php on line 153
[25-May-2025 21:14:01 UTC] PHP Deprecated:  Creation of dynamic property MO::$_gettext_select_plural_form is deprecated in C:\MAMP\htdocs\motogrua\wp-includes\pomo\translations.php on line 293
[25-May-2025 21:14:01 UTC] PHP Deprecated:  Creation of dynamic property WP_Block_Type::$category is deprecated in C:\MAMP\htdocs\motogrua\wp-includes\class-wp-block-type.php on line 189
[25-May-2025 21:14:01 UTC] PHP Deprecated:  Creation of dynamic property WP_Block_Type::$category is deprecated in C:\MAMP\htdocs\motogrua\wp-includes\class-wp-block-type.php on line 189
[25-May-2025 21:14:01 UTC] PHP Deprecated:  Creation of dynamic property WP_Block_Type::$icon is deprecated in C:\MAMP\htdocs\motogrua\wp-includes\class-wp-block-type.php on line 189
[25-May-2025 21:14:01 UTC] PHP Notice:  ob_end_flush(): Failed to send buffer of zlib output compression (1) in C:\MAMP\htdocs\motogrua\wp-includes\functions.php on line 4615
[25-May-2025 21:14:01 UTC] PHP Notice:  ob_end_flush(): Failed to send buffer of zlib output compression (1) in C:\MAMP\htdocs\motogrua\wp-includes\functions.php on line 4615
