********************************************************************************
DUPLICATOR-LITE PACKAGE-LOG: 25 de November de 2023 22:35
NOTICE: Do NOT post to public sites or forums 
********************************************************************************
VERSION:	1.5.7.1
WORDPRESS:	6.4.1
PHP INFO:	8.0.1 | SAPI: apache2handler
SERVER:		Apache/2.4.33 (Win64) OpenSSL/1.0.2u mod_fcgid/2.3.9 PHP/8.0.1 
PHP TIME LIMIT: (0) no time limit imposed 
PHP MAX MEMORY: 4294967296 (128M default) 
MEMORY STACK: 44MB

********************************************************************************
DATABASE:
********************************************************************************
BUILD MODE:   PHP(query limit - 100)
MYSQLTIMEOUT: 5000
MYSQLDUMP:    Not Supported
TABLES: total:26 | filtered:0 | create:26
FILTERED: []
SQL CREATED: 20231125_patitascallejeras_18ebb2d881626ad25968_20231125223446_database.sql
SQL FILE SIZE: 946.64KB (969362)
SQL FILE TIME: 2023-11-25 22:35:23
SQL RUNTIME: 3.04 sec.

********************************************************************************
ARCHIVE (ZIP):
********************************************************************************
ARCHIVE DIR:  C:/MAMP/htdocs/patitascallejeras
ARCHIVE FILE: 20231125_patitascallejeras_18ebb2d881626ad25968_20231125223446_archive.zip
FILTERS: *OFF*
DIRS:
	not set
FILES:
	not set
EXTS:  not set
----------------------------------------
COMPRESSING
SIZE:	156.46MB
STATS:	Dirs 1,299 | Files 7,229
SQL ADDED: 20231125_patitascallejeras_18ebb2d881626ad25968_20231125223446_database.sql
ZipArchive Object
(
    [lastId] => 8527
    [status] => 0
    [statusSys] => 0
    [numFiles] => 8528
    [filename] => C:\MAMP\htdocs\patitascallejeras\wp-content\backups-dup-lite\tmp\20231125_patitascallejeras_18ebb2d881626ad25968_20231125223446_archive.zip
    [comment] => 
)

FILE ADDED TO ZIP: 8527
COMPRESSION RESULT: '1'
COMPRESSED SIZE: 74.33MB
ARCHIVE RUNTIME: 52.85 sec.
MEMORY STACK: 46MB
building installer
PRUEBA DE CONSISTENCIA DEL ARCHIVO: SUPERADA

********************************************************************************
INTEGRITY CHECKS:
********************************************************************************
SQL FILE: 946.64KB
INSTALLER FILE: 73.48KB
ARCHIVE FILE: 76.24MB 
RECUENTO ARCHIVOS/DIRECTORIOS ESPERADOS: 8,528
RECUENTO ARCHIVOS/DIRECTORIOS ACTUALES: 8,527
PRUEBA DE CONSISTENCIA DEL ARCHIVO: Superado

********************************************************************************
RECORD ID:[1]
TOTAL PROCESS RUNTIME: 58.42 sec.
PEAK PHP MEMORY USED: 48MB
DONE PROCESSING => 20231125_patitascallejeras 25 de November de 2023 22:36

